<?xml version="1.0" encoding="UTF-8"?>
<!-- Generated by org.testng.reporters.JUnitReportReporter -->
<testsuite skipped="0" hostname="Sounak-Ghosh" name="com.crm.qa.testcases.ContactPageTest" tests="3" failures="0" timestamp="27 Aug 2020 08:26:45 GMT" time="147.738" errors="0">
  <testcase name="addContact" time="52.397" classname="com.crm.qa.testcases.ContactPageTest"/>
  <testcase name="addContact" time="54.163" classname="com.crm.qa.testcases.ContactPageTest"/>
  <testcase name="addContact" time="41.178" classname="com.crm.qa.testcases.ContactPageTest"/>
</testsuite> <!-- com.crm.qa.testcases.ContactPageTest -->
