<?xml version="1.0" encoding="UTF-8"?>
<!-- Generated by org.testng.reporters.JUnitReportReporter -->
<testsuite skipped="0" hostname="Sounak-Ghosh" name="com.crm.qa.testcases.HomePageTest" tests="2" failures="0" timestamp="27 Aug 2020 08:26:45 GMT" time="65.889" errors="0">
  <testcase name="verifyHomePagetest" time="32.491" classname="com.crm.qa.testcases.HomePageTest"/>
  <testcase name="clickContact" time="33.398" classname="com.crm.qa.testcases.HomePageTest"/>
</testsuite> <!-- com.crm.qa.testcases.HomePageTest -->
